<?xml version="1.0" encoding="UTF-8"?>
<!-- Generated by org.testng.reporters.JUnitXMLReporter -->
<testsuite ignored="0" hostname="DESKTOP-KJFDSP7" failures="1" tests="8" name="Test" time="363.186" errors="0" timestamp="2023-07-24T09:49:35 IST">
  <testcase classname="TestCase.TestCase_five_submitdata_DB" name="submiting_data" time="65.495"/>
  <testcase classname="TestCase.Testcase_Two_SoftAssert" name="candidate_Registration_soft_assert" time="56.01"/>
  <testcase classname="TestCase.TestCase_five_submitdata_DB" name="submiting_data" time="57.465"/>
  <testcase classname="TestCase.Testcase_three_HardAssert" name="candidate_Registration_hard_assert" time="2.203">
    <failure type="org.openqa.selenium.SessionNotCreatedException" message="Could not start a new session. Response code 500. Message: session not created
from no such execution context: uniqueContextId not found
  (Session info: chrome=114.0.5735.199) 
Host info: host: &amp;apos;DESKTOP-KJFDSP7&amp;apos;, ip: &amp;apos;192.168.10.35&amp;apos;
Build info: version: &amp;apos;4.10.0&amp;apos;, revision: &amp;apos;c14d967899&amp;apos;
System info: os.name: &amp;apos;Windows 10&amp;apos;, os.arch: &amp;apos;amd64&amp;apos;, os.version: &amp;apos;10.0&amp;apos;, java.version: &amp;apos;17.0.7&amp;apos;
Driver info: org.openqa.selenium.chrome.ChromeDriver
Command: [null, newSession {capabilities=[Capabilities {browserName: chrome, goog:chromeOptions: {args: [--remote-allow-origins=*], extensions: []}}]}]">
      <![CDATA[org.openqa.selenium.SessionNotCreatedException: Could not start a new session. Response code 500. Message: session not created
from no such execution context: uniqueContextId not found
  (Session info: chrome=114.0.5735.199) 
Host info: host: 'DESKTOP-KJFDSP7', ip: '192.168.10.35'
Build info: version: '4.10.0', revision: 'c14d967899'
System info: os.name: 'Windows 10', os.arch: 'amd64', os.version: '10.0', java.version: '17.0.7'
Driver info: org.openqa.selenium.chrome.ChromeDriver
Command: [null, newSession {capabilities=[Capabilities {browserName: chrome, goog:chromeOptions: {args: [--remote-allow-origins=*], extensions: []}}]}]
at org.openqa.selenium.remote.ProtocolHandshake.createSession(ProtocolHandshake.java:140)
at org.openqa.selenium.remote.ProtocolHandshake.createSession(ProtocolHandshake.java:96)
at org.openqa.selenium.remote.ProtocolHandshake.createSession(ProtocolHandshake.java:68)
at org.openqa.selenium.remote.HttpCommandExecutor.execute(HttpCommandExecutor.java:163)
at org.openqa.selenium.remote.service.DriverCommandExecutor.invokeExecute(DriverCommandExecutor.java:196)
at org.openqa.selenium.remote.service.DriverCommandExecutor.execute(DriverCommandExecutor.java:171)
at org.openqa.selenium.remote.RemoteWebDriver.execute(RemoteWebDriver.java:531)
at org.openqa.selenium.remote.RemoteWebDriver.startSession(RemoteWebDriver.java:227)
at org.openqa.selenium.remote.RemoteWebDriver.<init>(RemoteWebDriver.java:154)
at org.openqa.selenium.chromium.ChromiumDriver.<init>(ChromiumDriver.java:107)
at org.openqa.selenium.chrome.ChromeDriver.<init>(ChromeDriver.java:87)
at org.openqa.selenium.chrome.ChromeDriver.<init>(ChromeDriver.java:82)
at org.openqa.selenium.chrome.ChromeDriver.<init>(ChromeDriver.java:50)
at TestCase.TestCase_five_submitdata_DB.submiting_data(TestCase_five_submitdata_DB.java:35)
at TestCase.Testcase_three_HardAssert.candidate_Registration_hard_assert(Testcase_three_HardAssert.java:19)
at java.base/java.util.ArrayList.forEach(ArrayList.java:1511)
... Removed 27 stack frames]]>
    </failure>
  </testcase> <!-- candidate_Registration_hard_assert -->
  <testcase classname="TestCase.Testcase_Four_Submit_Data" name="datanase_connectivity" time="59.483"/>
  <testcase classname="TestCase.TestCase_five_submitdata_DB" name="submiting_data" time="56.411"/>
  <testcase classname="TestCase.TestCase_five_submitdata_DB" name="submiting_data" time="59.091"/>
  <testcase classname="TestCase.Testcase_six_email_trigger" name="email_trigger" time="6.883"/>
</testsuite> <!-- Test -->
